Using pre-set license
Built from '2021.1/staging' branch; Version is '2021.1.7f1 (d91830b65d9b) revision 14227504'; Using compiler version '192528614'; Build Type 'Release'
OS: 'Windows 10 Home; OS build 19041.985; Version 2004; 64bit' Language: 'de' Physical Memory: 16324 MB
BatchMode: 1, IsHumanControllingUs: 0, StartBugReporterOnCrash: 0, Is64bit: 1, IsPro: 0

 COMMAND LINE ARGUMENTS:
C:\Program Files\2021.1.7f1\Editor\Unity.exe
-adb2
-batchMode
-noUpm
-name
AssetImportWorker1
-projectPath
D:/Code/Unity/ourcraft
-logFile
Logs/AssetImportWorker1.log
-srvPort
56730
Successfully changed project path to: D:/Code/Unity/ourcraft
D:/Code/Unity/ourcraft
Using Asset Import Pipeline V2.
Refreshing native plugins compatible for Editor in 64.50 ms, found 0 plugins.
Preloading 0 native plugins for Editor in 0.00 ms.
Initialize engine version: 2021.1.7f1 (d91830b65d9b)
[Subsystems] Discovering subsystems at path C:/Program Files/2021.1.7f1/Editor/Data/Resources/UnitySubsystems
[Subsystems] Discovering subsystems at path D:/Code/Unity/ourcraft/Assets
GfxDevice: creating device client; threaded=0; jobified=0
Direct3D:
    Version:  Direct3D 11.0 [level 11.1]
    Renderer: NVIDIA GeForce GTX 1070 (ID=0x1b81)
    Vendor:   NVIDIA
    VRAM:     8088 MB
    Driver:   27.21.14.6089
Shader 'Universal Render Pipeline/Particles/Lit': fallback shader 'Universal Render Pipeline/Particles/SimpleLit' not found
Initialize mono
Mono path[0] = 'C:/Program Files/2021.1.7f1/Editor/Data/Managed'
Mono path[1] = 'C:/Program Files/2021.1.7f1/Editor/Data/MonoBleedingEdge/lib/mono/unityjit'
Mono config path = 'C:/Program Files/2021.1.7f1/Editor/Data/MonoBleedingEdge/etc'
Using monoOptions --debugger-agent=transport=dt_socket,embedding=1,server=y,suspend=n,address=127.0.0.1:56316
Begin MonoManager ReloadAssembly
Registering precompiled unity dll's ...
Register platform support module: C:/Program Files/2021.1.7f1/Editor/Data/PlaybackEngines/WebGLSupport/UnityEditor.WebGL.Extensions.dll
Register platform support module: C:/Program Files/2021.1.7f1/Editor/Data/PlaybackEngines/WindowsStandaloneSupport/UnityEditor.WindowsStandalone.Extensions.dll
Registered in 0.002637 seconds.
Native extension for WindowsStandalone target not found
Native extension for WebGL target not found
Refreshing native plugins compatible for Editor in 55.99 ms, found 0 plugins.
Preloading 0 native plugins for Editor in 0.00 ms.
Mono: successfully reloaded assembly
- Completed reload, in  2.062 seconds
Platform modules already initialized, skipping
Registering precompiled user dll's ...
Registered in 0.002343 seconds.
Begin MonoManager ReloadAssembly
Native extension for WindowsStandalone target not found
Native extension for WebGL target not found
Refreshing native plugins compatible for Editor in 60.99 ms, found 0 plugins.
Preloading 0 native plugins for Editor in 0.00 ms.
Mono: successfully reloaded assembly
- Completed reload, in  2.097 seconds
Platform modules already initialized, skipping
========================================================================
Worker process is ready to serve import requests
Shader 'Universal Render Pipeline/Particles/Lit': fallback shader 'Universal Render Pipeline/Particles/SimpleLit' not found
Launched and connected shader compiler UnityShaderCompiler.exe after 0.07 seconds
Refreshing native plugins compatible for Editor in 0.63 ms, found 0 plugins.
Preloading 0 native plugins for Editor in 0.00 ms.
Unloading 2933 Unused Serialized files (Serialized files now loaded: 0)
System memory in use before: 134.1 MB.
System memory in use after: 134.3 MB.

Unloading 45 unused Assets to reduce memory usage. Loaded Objects now: 3363.
Total: 5.777000 ms (FindLiveObjects: 0.213900 ms CreateObjectMapping: 0.130000 ms MarkObjects: 5.321100 ms  DeleteObjects: 0.110900 ms)

========================================================================
Received Import Request.
  path: Assets/Images/background.png
  artifactKey: Guid(3d0cb4301fa8d3842887a4aebeeb66c7) Importer(815301076,1909f56bfc062723c751e8b465ee728b)
Start importing Assets/Images/background.png using Guid(3d0cb4301fa8d3842887a4aebeeb66c7) Importer(815301076,1909f56bfc062723c751e8b465ee728b)  -> (artifact id: '8b674ad3b6a7686a0c23a24696a6eb1f') in 0.139790 seconds 
========================================================================
Received Import Request.
  Time since last request: 0.000445 seconds.
  path: Assets/Images/button.psd
  artifactKey: Guid(7b9affd3dfcc3ac46802a8bad616a43c) Importer(815301076,1909f56bfc062723c751e8b465ee728b)
Start importing Assets/Images/button.psd using Guid(7b9affd3dfcc3ac46802a8bad616a43c) Importer(815301076,1909f56bfc062723c751e8b465ee728b)  -> (artifact id: 'a90234fc0e04c151cb788c678badf608') in 0.027429 seconds 
========================================================================
Received Import Request.
  Time since last request: 0.000418 seconds.
  path: Assets/Images/colorpalette.png
  artifactKey: Guid(c5c2000d308007d45b2bd4593ab8e175) Importer(815301076,1909f56bfc062723c751e8b465ee728b)
Start importing Assets/Images/colorpalette.png using Guid(c5c2000d308007d45b2bd4593ab8e175) Importer(815301076,1909f56bfc062723c751e8b465ee728b)  -> (artifact id: '08cb3fff314792c864480d80dc62c18c') in 0.006847 seconds 
========================================================================
Received Prepare
Registering precompiled user dll's ...
Registered in 0.002264 seconds.
Begin MonoManager ReloadAssembly
Native extension for WindowsStandalone target not found
Native extension for WebGL target not found
Refreshing native plugins compatible for Editor in 0.70 ms, found 0 plugins.
Preloading 0 native plugins for Editor in 0.00 ms.
Mono: successfully reloaded assembly
- Completed reload, in  1.065 seconds
Platform modules already initialized, skipping
Shader 'Universal Render Pipeline/Particles/Lit': fallback shader 'Universal Render Pipeline/Particles/SimpleLit' not found
Refreshing native plugins compatible for Editor in 0.64 ms, found 0 plugins.
Preloading 0 native plugins for Editor in 0.00 ms.
Unloading 2855 Unused Serialized files (Serialized files now loaded: 0)
System memory in use before: 132.5 MB.
System memory in use after: 132.8 MB.

Unloading 40 unused Assets to reduce memory usage. Loaded Objects now: 3420.
Total: 5.732800 ms (FindLiveObjects: 0.216800 ms CreateObjectMapping: 0.098800 ms MarkObjects: 5.365100 ms  DeleteObjects: 0.051300 ms)

========================================================================
Received Prepare
Registering precompiled user dll's ...
Registered in 0.002929 seconds.
Begin MonoManager ReloadAssembly
Native extension for WindowsStandalone target not found
Native extension for WebGL target not found
Refreshing native plugins compatible for Editor in 0.85 ms, found 0 plugins.
Preloading 0 native plugins for Editor in 0.00 ms.
Mono: successfully reloaded assembly
- Completed reload, in  1.330 seconds
Platform modules already initialized, skipping
Shader 'Universal Render Pipeline/Particles/Lit': fallback shader 'Universal Render Pipeline/Particles/SimpleLit' not found
Refreshing native plugins compatible for Editor in 0.69 ms, found 0 plugins.
Preloading 0 native plugins for Editor in 0.00 ms.
Unloading 2852 Unused Serialized files (Serialized files now loaded: 0)
System memory in use before: 132.5 MB.
System memory in use after: 132.7 MB.

Unloading 40 unused Assets to reduce memory usage. Loaded Objects now: 3423.
Total: 7.284900 ms (FindLiveObjects: 0.250000 ms CreateObjectMapping: 0.251900 ms MarkObjects: 6.688500 ms  DeleteObjects: 0.093200 ms)

========================================================================
Received Prepare
Registering precompiled user dll's ...
Registered in 0.002472 seconds.
Begin MonoManager ReloadAssembly
Native extension for WindowsStandalone target not found
Native extension for WebGL target not found
Refreshing native plugins compatible for Editor in 0.79 ms, found 0 plugins.
Preloading 0 native plugins for Editor in 0.00 ms.
Mono: successfully reloaded assembly
- Completed reload, in  1.127 seconds
Platform modules already initialized, skipping
Shader 'Universal Render Pipeline/Particles/Lit': fallback shader 'Universal Render Pipeline/Particles/SimpleLit' not found
Refreshing native plugins compatible for Editor in 0.67 ms, found 0 plugins.
Preloading 0 native plugins for Editor in 0.00 ms.
Unloading 2852 Unused Serialized files (Serialized files now loaded: 0)
System memory in use before: 132.5 MB.
System memory in use after: 132.7 MB.

Unloading 40 unused Assets to reduce memory usage. Loaded Objects now: 3426.
Total: 6.726000 ms (FindLiveObjects: 0.307000 ms CreateObjectMapping: 0.211600 ms MarkObjects: 6.159700 ms  DeleteObjects: 0.046800 ms)

========================================================================
Received Import Request.
  Time since last request: 526.699096 seconds.
  path: Assets/Scripts/UI/PauseMenu.cs
  artifactKey: Guid(5a3ee99b5390b5645badf26379b9a691) Importer(815301076,1909f56bfc062723c751e8b465ee728b)
Start importing Assets/Scripts/UI/PauseMenu.cs using Guid(5a3ee99b5390b5645badf26379b9a691) Importer(815301076,1909f56bfc062723c751e8b465ee728b)  -> (artifact id: '1f75b0495a79d2ffb0dbf02fda8f46f6') in 0.225262 seconds 
========================================================================
Received Import Request.
  Time since last request: 167.336888 seconds.
  path: Assets/Scripts/UI/PauseMenu.cs
  artifactKey: Guid(5a3ee99b5390b5645badf26379b9a691) Importer(815301076,1909f56bfc062723c751e8b465ee728b)
Start importing Assets/Scripts/UI/PauseMenu.cs using Guid(5a3ee99b5390b5645badf26379b9a691) Importer(815301076,1909f56bfc062723c751e8b465ee728b)  -> (artifact id: '7cc94689131b4b031334240ee12567dc') in 0.003017 seconds 
========================================================================
Received Prepare
Registering precompiled user dll's ...
Registered in 0.002566 seconds.
Begin MonoManager ReloadAssembly
Native extension for WindowsStandalone target not found
Native extension for WebGL target not found
Refreshing native plugins compatible for Editor in 0.82 ms, found 0 plugins.
Preloading 0 native plugins for Editor in 0.00 ms.
Mono: successfully reloaded assembly
- Completed reload, in  1.435 seconds
Platform modules already initialized, skipping
Shader 'Universal Render Pipeline/Particles/Lit': fallback shader 'Universal Render Pipeline/Particles/SimpleLit' not found
Refreshing native plugins compatible for Editor in 1.41 ms, found 0 plugins.
Preloading 0 native plugins for Editor in 0.00 ms.
Unloading 2852 Unused Serialized files (Serialized files now loaded: 0)
System memory in use before: 132.5 MB.
System memory in use after: 132.8 MB.

Unloading 40 unused Assets to reduce memory usage. Loaded Objects now: 3429.
Total: 6.081300 ms (FindLiveObjects: 0.267000 ms CreateObjectMapping: 0.224300 ms MarkObjects: 5.549700 ms  DeleteObjects: 0.039000 ms)

========================================================================
Received Prepare
Registering precompiled user dll's ...
Registered in 0.002126 seconds.
Begin MonoManager ReloadAssembly
Native extension for WindowsStandalone target not found
Native extension for WebGL target not found
Refreshing native plugins compatible for Editor in 0.91 ms, found 0 plugins.
Preloading 0 native plugins for Editor in 0.00 ms.
Mono: successfully reloaded assembly
- Completed reload, in  1.054 seconds
Platform modules already initialized, skipping
Shader 'Universal Render Pipeline/Particles/Lit': fallback shader 'Universal Render Pipeline/Particles/SimpleLit' not found
Refreshing native plugins compatible for Editor in 0.76 ms, found 0 plugins.
Preloading 0 native plugins for Editor in 0.00 ms.
Unloading 2852 Unused Serialized files (Serialized files now loaded: 0)
System memory in use before: 132.5 MB.
System memory in use after: 132.8 MB.

Unloading 40 unused Assets to reduce memory usage. Loaded Objects now: 3432.
Total: 5.231200 ms (FindLiveObjects: 0.220700 ms CreateObjectMapping: 0.112800 ms MarkObjects: 4.849300 ms  DeleteObjects: 0.047500 ms)

========================================================================
Received Import Request.
  Time since last request: 86.343360 seconds.
  path: Assets/Scripts/UI/LoadingScreen.cs
  artifactKey: Guid(150cf7f405c6a51489912ca0ae1e38c4) Importer(815301076,1909f56bfc062723c751e8b465ee728b)
Start importing Assets/Scripts/UI/LoadingScreen.cs using Guid(150cf7f405c6a51489912ca0ae1e38c4) Importer(815301076,1909f56bfc062723c751e8b465ee728b)  -> (artifact id: '8b5c74fb926380888582722d47b95459') in 0.021252 seconds 
========================================================================
Received Prepare
Registering precompiled user dll's ...
Registered in 0.002426 seconds.
Begin MonoManager ReloadAssembly
Native extension for WindowsStandalone target not found
Native extension for WebGL target not found
Refreshing native plugins compatible for Editor in 1.19 ms, found 0 plugins.
Preloading 0 native plugins for Editor in 0.00 ms.
Mono: successfully reloaded assembly
- Completed reload, in  1.127 seconds
Platform modules already initialized, skipping
Shader 'Universal Render Pipeline/Particles/Lit': fallback shader 'Universal Render Pipeline/Particles/SimpleLit' not found
Refreshing native plugins compatible for Editor in 0.66 ms, found 0 plugins.
Preloading 0 native plugins for Editor in 0.00 ms.
Unloading 2852 Unused Serialized files (Serialized files now loaded: 0)
System memory in use before: 132.6 MB.
System memory in use after: 132.8 MB.

Unloading 40 unused Assets to reduce memory usage. Loaded Objects now: 3435.
Total: 5.477400 ms (FindLiveObjects: 0.252800 ms CreateObjectMapping: 0.188900 ms MarkObjects: 5.006000 ms  DeleteObjects: 0.028500 ms)

========================================================================
Received Prepare
Registering precompiled user dll's ...
Registered in 0.002721 seconds.
Begin MonoManager ReloadAssembly
Native extension for WindowsStandalone target not found
Native extension for WebGL target not found
Refreshing native plugins compatible for Editor in 1.36 ms, found 0 plugins.
Preloading 0 native plugins for Editor in 0.00 ms.
Mono: successfully reloaded assembly
- Completed reload, in  1.281 seconds
Platform modules already initialized, skipping
Shader 'Universal Render Pipeline/Particles/Lit': fallback shader 'Universal Render Pipeline/Particles/SimpleLit' not found
Refreshing native plugins compatible for Editor in 0.80 ms, found 0 plugins.
Preloading 0 native plugins for Editor in 0.00 ms.
Unloading 2852 Unused Serialized files (Serialized files now loaded: 0)
System memory in use before: 132.6 MB.
System memory in use after: 132.8 MB.

Unloading 40 unused Assets to reduce memory usage. Loaded Objects now: 3438.
Total: 6.097700 ms (FindLiveObjects: 0.276900 ms CreateObjectMapping: 0.152800 ms MarkObjects: 5.637200 ms  DeleteObjects: 0.029700 ms)

========================================================================
Received Prepare
Registering precompiled user dll's ...
Registered in 0.002998 seconds.
Begin MonoManager ReloadAssembly
Native extension for WindowsStandalone target not found
Native extension for WebGL target not found
Refreshing native plugins compatible for Editor in 0.82 ms, found 0 plugins.
Preloading 0 native plugins for Editor in 0.00 ms.
Mono: successfully reloaded assembly
- Completed reload, in  1.500 seconds
Platform modules already initialized, skipping
Shader 'Universal Render Pipeline/Particles/Lit': fallback shader 'Universal Render Pipeline/Particles/SimpleLit' not found
Refreshing native plugins compatible for Editor in 0.74 ms, found 0 plugins.
Preloading 0 native plugins for Editor in 0.00 ms.
Unloading 2852 Unused Serialized files (Serialized files now loaded: 0)
System memory in use before: 132.6 MB.
System memory in use after: 132.8 MB.

Unloading 40 unused Assets to reduce memory usage. Loaded Objects now: 3441.
Total: 6.513200 ms (FindLiveObjects: 0.335500 ms CreateObjectMapping: 0.141300 ms MarkObjects: 5.992000 ms  DeleteObjects: 0.043300 ms)

========================================================================
Received Import Request.
  Time since last request: 809.945263 seconds.
  path: Assets/Images/background.png
  artifactKey: Guid(3d0cb4301fa8d3842887a4aebeeb66c7) Importer(815301076,1909f56bfc062723c751e8b465ee728b)
Start importing Assets/Images/background.png using Guid(3d0cb4301fa8d3842887a4aebeeb66c7) Importer(815301076,1909f56bfc062723c751e8b465ee728b)  -> (artifact id: 'efa4f6b60bc135c99eed591a76381e59') in 0.604680 seconds 
========================================================================
Received Import Request.
  Time since last request: 0.000322 seconds.
  path: Assets/Images/button.psd
  artifactKey: Guid(7b9affd3dfcc3ac46802a8bad616a43c) Importer(815301076,1909f56bfc062723c751e8b465ee728b)
Start importing Assets/Images/button.psd using Guid(7b9affd3dfcc3ac46802a8bad616a43c) Importer(815301076,1909f56bfc062723c751e8b465ee728b)  -> (artifact id: '7f432e3f0104127c7a48e7b73bb8fed4') in 0.052197 seconds 
========================================================================
Received Import Request.
  Time since last request: 0.000450 seconds.
  path: Assets/Images/colorpalette.png
  artifactKey: Guid(c5c2000d308007d45b2bd4593ab8e175) Importer(815301076,1909f56bfc062723c751e8b465ee728b)
Start importing Assets/Images/colorpalette.png using Guid(c5c2000d308007d45b2bd4593ab8e175) Importer(815301076,1909f56bfc062723c751e8b465ee728b)  -> (artifact id: '4565623a09fd20de0d884e5af22c947e') in 0.047495 seconds 
========================================================================
Received Import Request.
  Time since last request: 0.000437 seconds.
  path: Assets/Images/capitalism-152839_640.png
  artifactKey: Guid(abaf5cdfc4ff5ab448ff52f5ee153dc2) Importer(815301076,1909f56bfc062723c751e8b465ee728b)
Start importing Assets/Images/capitalism-152839_640.png using Guid(abaf5cdfc4ff5ab448ff52f5ee153dc2) Importer(815301076,1909f56bfc062723c751e8b465ee728b)  -> (artifact id: '5912a3d4917d22e8fbf949ccecb405c8') in 0.011718 seconds 
========================================================================
Received Import Request.
  Time since last request: 2.496720 seconds.
  path: Assets/Images/capitalism-152839_640.png
  artifactKey: Guid(abaf5cdfc4ff5ab448ff52f5ee153dc2) Importer(815301076,1909f56bfc062723c751e8b465ee728b)
Start importing Assets/Images/capitalism-152839_640.png using Guid(abaf5cdfc4ff5ab448ff52f5ee153dc2) Importer(815301076,1909f56bfc062723c751e8b465ee728b)  -> (artifact id: '686353499f0724a930f1a028c2b04620') in 0.012105 seconds 
========================================================================
Received Prepare
Registering precompiled user dll's ...
Registered in 0.003019 seconds.
Begin MonoManager ReloadAssembly
Native extension for WindowsStandalone target not found
Native extension for WebGL target not found
Refreshing native plugins compatible for Editor in 0.63 ms, found 0 plugins.
Preloading 0 native plugins for Editor in 0.00 ms.
Mono: successfully reloaded assembly
- Completed reload, in  1.106 seconds
Platform modules already initialized, skipping
Shader 'Universal Render Pipeline/Particles/Lit': fallback shader 'Universal Render Pipeline/Particles/SimpleLit' not found
Refreshing native plugins compatible for Editor in 0.62 ms, found 0 plugins.
Preloading 0 native plugins for Editor in 0.00 ms.
Unloading 2853 Unused Serialized files (Serialized files now loaded: 0)
System memory in use before: 135.2 MB.
System memory in use after: 135.5 MB.

Unloading 40 unused Assets to reduce memory usage. Loaded Objects now: 3518.
Total: 6.252700 ms (FindLiveObjects: 0.282100 ms CreateObjectMapping: 0.170800 ms MarkObjects: 5.766200 ms  DeleteObjects: 0.032200 ms)

========================================================================
Received Prepare
Registering precompiled user dll's ...
Registered in 0.048561 seconds.
Begin MonoManager ReloadAssembly
Native extension for WindowsStandalone target not found
Native extension for WebGL target not found
Refreshing native plugins compatible for Editor in 0.69 ms, found 0 plugins.
Preloading 0 native plugins for Editor in 0.00 ms.
Mono: successfully reloaded assembly
- Completed reload, in  1.231 seconds
Platform modules already initialized, skipping
Shader 'Universal Render Pipeline/Particles/Lit': fallback shader 'Universal Render Pipeline/Particles/SimpleLit' not found
Refreshing native plugins compatible for Editor in 1.07 ms, found 0 plugins.
Preloading 0 native plugins for Editor in 0.00 ms.
Unloading 2852 Unused Serialized files (Serialized files now loaded: 0)
System memory in use before: 135.2 MB.
System memory in use after: 135.4 MB.

Unloading 40 unused Assets to reduce memory usage. Loaded Objects now: 3521.
Total: 6.938800 ms (FindLiveObjects: 0.338200 ms CreateObjectMapping: 0.183700 ms MarkObjects: 6.389700 ms  DeleteObjects: 0.025200 ms)

========================================================================
Received Prepare
Registering precompiled user dll's ...
Registered in 0.002312 seconds.
Begin MonoManager ReloadAssembly
Native extension for WindowsStandalone target not found
Native extension for WebGL target not found
Refreshing native plugins compatible for Editor in 0.78 ms, found 0 plugins.
Preloading 0 native plugins for Editor in 0.00 ms.
Mono: successfully reloaded assembly
- Completed reload, in  1.100 seconds
Platform modules already initialized, skipping
Shader 'Universal Render Pipeline/Particles/Lit': fallback shader 'Universal Render Pipeline/Particles/SimpleLit' not found
Refreshing native plugins compatible for Editor in 0.74 ms, found 0 plugins.
Preloading 0 native plugins for Editor in 0.00 ms.
Unloading 2852 Unused Serialized files (Serialized files now loaded: 0)
System memory in use before: 135.2 MB.
System memory in use after: 135.4 MB.

Unloading 40 unused Assets to reduce memory usage. Loaded Objects now: 3524.
Total: 6.852700 ms (FindLiveObjects: 0.360400 ms CreateObjectMapping: 0.214200 ms MarkObjects: 6.238400 ms  DeleteObjects: 0.038400 ms)

AssetImportWorkerClient::OnTransportError - code=2 error=End of file
